This file contains any messages produced by compilers while
running configure, to aid debugging if configure makes a mistake.

It was created by digitalnetindex configure 0.1, which was
generated by GNU Autoconf 2.69.  Invocation command line was

  $ ./configure 

## --------- ##
## Platform. ##
## --------- ##

hostname = Mac-mini.local
uname -m = x86_64
uname -r = 15.6.0
uname -s = Darwin
uname -v = Darwin Kernel Version 15.6.0: Mon Jan  9 23:07:29 PST 2017; root:xnu-3248.60.11.2.1~1/RELEASE_X86_64

/usr/bin/uname -p = i386
/bin/uname -X     = unknown

/bin/arch              = unknown
/usr/bin/arch -k       = unknown
/usr/convex/getsysinfo = unknown
/usr/bin/hostinfo      = Mach kernel version:
	 Darwin Kernel Version 15.6.0: Mon Jan  9 23:07:29 PST 2017; root:xnu-3248.60.11.2.1~1/RELEASE_X86_64
Kernel configured for up to 4 processors.
2 processors are physically available.
4 processors are logically available.
Processor type: x86_64h (Intel x86-64h Haswell)
Processors active: 0 1 2 3
Primary memory available: 8.00 gigabytes
Default processor set: 219 tasks, 983 threads, 4 processors
Load average: 1.10, Mach factor: 2.89
/bin/machine           = unknown
/usr/bin/oslevel       = unknown
/bin/universe          = unknown

PATH: /opt/local/bin
PATH: /opt/local/sbin/
PATH: /opt/local/Library/Frameworks/Python.framework/Versions/3.4/bin
PATH: /usr/local/bin
PATH: /usr/bin
PATH: /bin
PATH: /usr/sbin
PATH: /sbin
PATH: /opt/X11/bin


## ----------- ##
## Core tests. ##
## ----------- ##

configure:2206: checking for a BSD-compatible install
configure:2274: result: /opt/local/bin/ginstall -c
configure:2285: checking whether build environment is sane
configure:2340: result: yes
configure:2491: checking for a thread-safe mkdir -p
configure:2530: result: /opt/local/bin/gmkdir -p
configure:2537: checking for gawk
configure:2553: found /opt/local/bin/gawk
configure:2564: result: gawk
configure:2575: checking whether make sets $(MAKE)
configure:2597: result: yes
configure:2626: checking whether make supports nested variables
configure:2643: result: yes
configure:2775: checking build system type
configure:2789: result: x86_64-apple-darwin15.6.0
configure:2809: checking host system type
configure:2822: result: x86_64-apple-darwin15.6.0
configure:2904: checking for g++
configure:2920: found /opt/local/bin/g++
configure:2931: result: g++
configure:2958: checking for C++ compiler version
configure:2967: g++ --version >&5
g++ (MacPorts gcc5 5.4.0_0) 5.4.0
Copyright (C) 2015 Free Software Foundation, Inc.
This is free software; see the source for copying conditions.  There is NO
warranty; not even for MERCHANTABILITY or FITNESS FOR A PARTICULAR PURPOSE.

configure:2978: $? = 0
configure:2967: g++ -v >&5
Using built-in specs.
COLLECT_GCC=g++
COLLECT_LTO_WRAPPER=/opt/local/libexec/gcc/x86_64-apple-darwin15/5.4.0/lto-wrapper
Target: x86_64-apple-darwin15
Configured with: /opt/local/var/macports/build/_opt_mports_dports_lang_gcc5/gcc5/work/gcc-5.4.0/configure --prefix=/opt/local --build=x86_64-apple-darwin15 --enable-languages=c,c++,objc,obj-c++,lto,fortran,java --libdir=/opt/local/lib/gcc5 --includedir=/opt/local/include/gcc5 --infodir=/opt/local/share/info --mandir=/opt/local/share/man --datarootdir=/opt/local/share/gcc-5 --with-local-prefix=/opt/local --with-system-zlib --disable-nls --program-suffix=-mp-5 --with-gxx-include-dir=/opt/local/include/gcc5/c++/ --with-gmp=/opt/local --with-mpfr=/opt/local --with-mpc=/opt/local --with-isl=/opt/local --enable-stage1-checking --disable-multilib --enable-lto --enable-libstdcxx-time --with-build-config=bootstrap-debug --with-as=/opt/local/bin/as --with-ld=/opt/local/bin/ld --with-ar=/opt/local/bin/ar --with-bugurl=https://trac.macports.org/newticket --with-pkgversion='MacPorts gcc5 5.4.0_0'
Thread model: posix
gcc version 5.4.0 (MacPorts gcc5 5.4.0_0) 
configure:2978: $? = 0
configure:2967: g++ -V >&5
g++: error: unrecognized command line option '-V'
g++: fatal error: no input files
compilation terminated.
configure:2978: $? = 1
configure:2967: g++ -qversion >&5
g++: error: unrecognized command line option '-qversion'
g++: fatal error: no input files
compilation terminated.
configure:2978: $? = 1
configure:2998: checking whether the C++ compiler works
configure:3020: g++    conftest.cpp  >&5
configure:3024: $? = 0
configure:3072: result: yes
configure:3075: checking for C++ compiler default output file name
configure:3077: result: a.out
configure:3083: checking for suffix of executables
configure:3090: g++ -o conftest    conftest.cpp  >&5
configure:3094: $? = 0
configure:3116: result: 
configure:3138: checking whether we are cross compiling
configure:3146: g++ -o conftest    conftest.cpp  >&5
configure:3150: $? = 0
configure:3157: ./conftest
configure:3161: $? = 0
configure:3176: result: no
configure:3181: checking for suffix of object files
configure:3203: g++ -c   conftest.cpp >&5
configure:3207: $? = 0
configure:3228: result: o
configure:3232: checking whether we are using the GNU C++ compiler
configure:3251: g++ -c   conftest.cpp >&5
configure:3251: $? = 0
configure:3260: result: yes
configure:3269: checking whether g++ accepts -g
configure:3289: g++ -c -g  conftest.cpp >&5
configure:3289: $? = 0
configure:3330: result: yes
configure:3364: checking for style of include used by make
configure:3392: result: GNU
configure:3418: checking dependency style of g++
configure:3529: result: gcc3
configure:3592: checking for gcc
configure:3608: found /opt/local/bin/gcc
configure:3619: result: gcc
configure:3848: checking for C compiler version
configure:3857: gcc --version >&5
gcc (MacPorts gcc5 5.4.0_0) 5.4.0
Copyright (C) 2015 Free Software Foundation, Inc.
This is free software; see the source for copying conditions.  There is NO
warranty; not even for MERCHANTABILITY or FITNESS FOR A PARTICULAR PURPOSE.

configure:3868: $? = 0
configure:3857: gcc -v >&5
Using built-in specs.
COLLECT_GCC=gcc
COLLECT_LTO_WRAPPER=/opt/local/libexec/gcc/x86_64-apple-darwin15/5.4.0/lto-wrapper
Target: x86_64-apple-darwin15
Configured with: /opt/local/var/macports/build/_opt_mports_dports_lang_gcc5/gcc5/work/gcc-5.4.0/configure --prefix=/opt/local --build=x86_64-apple-darwin15 --enable-languages=c,c++,objc,obj-c++,lto,fortran,java --libdir=/opt/local/lib/gcc5 --includedir=/opt/local/include/gcc5 --infodir=/opt/local/share/info --mandir=/opt/local/share/man --datarootdir=/opt/local/share/gcc-5 --with-local-prefix=/opt/local --with-system-zlib --disable-nls --program-suffix=-mp-5 --with-gxx-include-dir=/opt/local/include/gcc5/c++/ --with-gmp=/opt/local --with-mpfr=/opt/local --with-mpc=/opt/local --with-isl=/opt/local --enable-stage1-checking --disable-multilib --enable-lto --enable-libstdcxx-time --with-build-config=bootstrap-debug --with-as=/opt/local/bin/as --with-ld=/opt/local/bin/ld --with-ar=/opt/local/bin/ar --with-bugurl=https://trac.macports.org/newticket --with-pkgversion='MacPorts gcc5 5.4.0_0'
Thread model: posix
gcc version 5.4.0 (MacPorts gcc5 5.4.0_0) 
configure:3868: $? = 0
configure:3857: gcc -V >&5
gcc: error: unrecognized command line option '-V'
gcc: fatal error: no input files
compilation terminated.
configure:3868: $? = 1
configure:3857: gcc -qversion >&5
gcc: error: unrecognized command line option '-qversion'
gcc: fatal error: no input files
compilation terminated.
configure:3868: $? = 1
configure:3872: checking whether we are using the GNU C compiler
configure:3891: gcc -c   conftest.c >&5
configure:3891: $? = 0
configure:3900: result: yes
configure:3909: checking whether gcc accepts -g
configure:3929: gcc -c -g  conftest.c >&5
configure:3929: $? = 0
configure:3970: result: yes
configure:3987: checking for gcc option to accept ISO C89
configure:4050: gcc  -c   conftest.c >&5
configure:4050: $? = 0
configure:4063: result: none needed
configure:4088: checking whether gcc understands -c and -o together
configure:4110: gcc -c conftest.c -o conftest2.o
configure:4113: $? = 0
configure:4110: gcc -c conftest.c -o conftest2.o
configure:4113: $? = 0
configure:4125: result: yes
configure:4144: checking dependency style of gcc
configure:4255: result: gcc3
configure:4293: checking whether g++ supports C++14 features by default
configure:4707: g++ -c   conftest.cpp >&5
conftest.cpp:22:2: error: #error "This is not a C++11 compiler"
 #error "This is not a C++11 compiler"
  ^
conftest.cpp:307:2: error: #error "This is not a C++14 compiler"
 #error "This is not a C++14 compiler"
  ^
configure:4707: $? = 1
configure: failed program was:
| /* confdefs.h */
| #define PACKAGE_NAME "digitalnetindex"
| #define PACKAGE_TARNAME "digitalnetindex"
| #define PACKAGE_VERSION "0.1"
| #define PACKAGE_STRING "digitalnetindex 0.1"
| #define PACKAGE_BUGREPORT "saito@manieth.com"
| #define PACKAGE_URL ""
| #define PACKAGE "digitalnetindex"
| #define VERSION "0.1"
| /* end confdefs.h.  */
| 
| 
| // If the compiler admits that it is not ready for C++11, why torture it?
| // Hopefully, this will speed up the test.
| 
| #ifndef __cplusplus
| 
| #error "This is not a C++ compiler"
| 
| #elif __cplusplus < 201103L
| 
| #error "This is not a C++11 compiler"
| 
| #else
| 
| namespace cxx11
| {
| 
|   namespace test_static_assert
|   {
| 
|     template <typename T>
|     struct check
|     {
|       static_assert(sizeof(int) <= sizeof(T), "not big enough");
|     };
| 
|   }
| 
|   namespace test_final_override
|   {
| 
|     struct Base
|     {
|       virtual void f() {}
|     };
| 
|     struct Derived : public Base
|     {
|       virtual void f() override {}
|     };
| 
|   }
| 
|   namespace test_double_right_angle_brackets
|   {
| 
|     template < typename T >
|     struct check {};
| 
|     typedef check<void> single_type;
|     typedef check<check<void>> double_type;
|     typedef check<check<check<void>>> triple_type;
|     typedef check<check<check<check<void>>>> quadruple_type;
| 
|   }
| 
|   namespace test_decltype
|   {
| 
|     int
|     f()
|     {
|       int a = 1;
|       decltype(a) b = 2;
|       return a + b;
|     }
| 
|   }
| 
|   namespace test_type_deduction
|   {
| 
|     template < typename T1, typename T2 >
|     struct is_same
|     {
|       static const bool value = false;
|     };
| 
|     template < typename T >
|     struct is_same<T, T>
|     {
|       static const bool value = true;
|     };
| 
|     template < typename T1, typename T2 >
|     auto
|     add(T1 a1, T2 a2) -> decltype(a1 + a2)
|     {
|       return a1 + a2;
|     }
| 
|     int
|     test(const int c, volatile int v)
|     {
|       static_assert(is_same<int, decltype(0)>::value == true, "");
|       static_assert(is_same<int, decltype(c)>::value == false, "");
|       static_assert(is_same<int, decltype(v)>::value == false, "");
|       auto ac = c;
|       auto av = v;
|       auto sumi = ac + av + 'x';
|       auto sumf = ac + av + 1.0;
|       static_assert(is_same<int, decltype(ac)>::value == true, "");
|       static_assert(is_same<int, decltype(av)>::value == true, "");
|       static_assert(is_same<int, decltype(sumi)>::value == true, "");
|       static_assert(is_same<int, decltype(sumf)>::value == false, "");
|       static_assert(is_same<int, decltype(add(c, v))>::value == true, "");
|       return (sumf > 0.0) ? sumi : add(c, v);
|     }
| 
|   }
| 
|   namespace test_noexcept
|   {
| 
|     int f() { return 0; }
|     int g() noexcept { return 0; }
| 
|     static_assert(noexcept(f()) == false, "");
|     static_assert(noexcept(g()) == true, "");
| 
|   }
| 
|   namespace test_constexpr
|   {
| 
|     template < typename CharT >
|     unsigned long constexpr
|     strlen_c_r(const CharT *const s, const unsigned long acc) noexcept
|     {
|       return *s ? strlen_c_r(s + 1, acc + 1) : acc;
|     }
| 
|     template < typename CharT >
|     unsigned long constexpr
|     strlen_c(const CharT *const s) noexcept
|     {
|       return strlen_c_r(s, 0UL);
|     }
| 
|     static_assert(strlen_c("") == 0UL, "");
|     static_assert(strlen_c("1") == 1UL, "");
|     static_assert(strlen_c("example") == 7UL, "");
|     static_assert(strlen_c("another\0example") == 7UL, "");
| 
|   }
| 
|   namespace test_rvalue_references
|   {
| 
|     template < int N >
|     struct answer
|     {
|       static constexpr int value = N;
|     };
| 
|     answer<1> f(int&)       { return answer<1>(); }
|     answer<2> f(const int&) { return answer<2>(); }
|     answer<3> f(int&&)      { return answer<3>(); }
| 
|     void
|     test()
|     {
|       int i = 0;
|       const int c = 0;
|       static_assert(decltype(f(i))::value == 1, "");
|       static_assert(decltype(f(c))::value == 2, "");
|       static_assert(decltype(f(0))::value == 3, "");
|     }
| 
|   }
| 
|   namespace test_uniform_initialization
|   {
| 
|     struct test
|     {
|       static const int zero {};
|       static const int one {1};
|     };
| 
|     static_assert(test::zero == 0, "");
|     static_assert(test::one == 1, "");
| 
|   }
| 
|   namespace test_lambdas
|   {
| 
|     void
|     test1()
|     {
|       auto lambda1 = [](){};
|       auto lambda2 = lambda1;
|       lambda1();
|       lambda2();
|     }
| 
|     int
|     test2()
|     {
|       auto a = [](int i, int j){ return i + j; }(1, 2);
|       auto b = []() -> int { return '0'; }();
|       auto c = [=](){ return a + b; }();
|       auto d = [&](){ return c; }();
|       auto e = [a, &b](int x) mutable {
|         const auto identity = [](int y){ return y; };
|         for (auto i = 0; i < a; ++i)
|           a += b--;
|         return x + identity(a + b);
|       }(0);
|       return a + b + c + d + e;
|     }
| 
|     int
|     test3()
|     {
|       const auto nullary = [](){ return 0; };
|       const auto unary = [](int x){ return x; };
|       using nullary_t = decltype(nullary);
|       using unary_t = decltype(unary);
|       const auto higher1st = [](nullary_t f){ return f(); };
|       const auto higher2nd = [unary](nullary_t f1){
|         return [unary, f1](unary_t f2){ return f2(unary(f1())); };
|       };
|       return higher1st(nullary) + higher2nd(nullary)(unary);
|     }
| 
|   }
| 
|   namespace test_variadic_templates
|   {
| 
|     template <int...>
|     struct sum;
| 
|     template <int N0, int... N1toN>
|     struct sum<N0, N1toN...>
|     {
|       static constexpr auto value = N0 + sum<N1toN...>::value;
|     };
| 
|     template <>
|     struct sum<>
|     {
|       static constexpr auto value = 0;
|     };
| 
|     static_assert(sum<>::value == 0, "");
|     static_assert(sum<1>::value == 1, "");
|     static_assert(sum<23>::value == 23, "");
|     static_assert(sum<1, 2>::value == 3, "");
|     static_assert(sum<5, 5, 11>::value == 21, "");
|     static_assert(sum<2, 3, 5, 7, 11, 13>::value == 41, "");
| 
|   }
| 
|   // http://stackoverflow.com/questions/13728184/template-aliases-and-sfinae
|   // Clang 3.1 fails with headers of libstd++ 4.8.3 when using std::function
|   // because of this.
|   namespace test_template_alias_sfinae
|   {
| 
|     struct foo {};
| 
|     template<typename T>
|     using member = typename T::member_type;
| 
|     template<typename T>
|     void func(...) {}
| 
|     template<typename T>
|     void func(member<T>*) {}
| 
|     void test();
| 
|     void test() { func<foo>(0); }
| 
|   }
| 
| }  // namespace cxx11
| 
| #endif  // __cplusplus >= 201103L
| 
| 
| 
| 
| // If the compiler admits that it is not ready for C++14, why torture it?
| // Hopefully, this will speed up the test.
| 
| #ifndef __cplusplus
| 
| #error "This is not a C++ compiler"
| 
| #elif __cplusplus < 201402L
| 
| #error "This is not a C++14 compiler"
| 
| #else
| 
| namespace cxx14
| {
| 
|   namespace test_polymorphic_lambdas
|   {
| 
|     int
|     test()
|     {
|       const auto lambda = [](auto&&... args){
|         const auto istiny = [](auto x){
|           return (sizeof(x) == 1UL) ? 1 : 0;
|         };
|         const int aretiny[] = { istiny(args)... };
|         return aretiny[0];
|       };
|       return lambda(1, 1L, 1.0f, '1');
|     }
| 
|   }
| 
|   namespace test_binary_literals
|   {
| 
|     constexpr auto ivii = 0b0000000000101010;
|     static_assert(ivii == 42, "wrong value");
| 
|   }
| 
|   namespace test_generalized_constexpr
|   {
| 
|     template < typename CharT >
|     constexpr unsigned long
|     strlen_c(const CharT *const s) noexcept
|     {
|       auto length = 0UL;
|       for (auto p = s; *p; ++p)
|         ++length;
|       return length;
|     }
| 
|     static_assert(strlen_c("") == 0UL, "");
|     static_assert(strlen_c("x") == 1UL, "");
|     static_assert(strlen_c("test") == 4UL, "");
|     static_assert(strlen_c("another\0test") == 7UL, "");
| 
|   }
| 
|   namespace test_lambda_init_capture
|   {
| 
|     int
|     test()
|     {
|       auto x = 0;
|       const auto lambda1 = [a = x](int b){ return a + b; };
|       const auto lambda2 = [a = lambda1(x)](){ return a; };
|       return lambda2();
|     }
| 
|   }
| 
|   namespace test_digit_seperators
|   {
| 
|     constexpr auto ten_million = 100'000'000;
|     static_assert(ten_million == 100000000, "");
| 
|   }
| 
|   namespace test_return_type_deduction
|   {
| 
|     auto f(int& x) { return x; }
|     decltype(auto) g(int& x) { return x; }
| 
|     template < typename T1, typename T2 >
|     struct is_same
|     {
|       static constexpr auto value = false;
|     };
| 
|     template < typename T >
|     struct is_same<T, T>
|     {
|       static constexpr auto value = true;
|     };
| 
|     int
|     test()
|     {
|       auto x = 0;
|       static_assert(is_same<int, decltype(f(x))>::value, "");
|       static_assert(is_same<int&, decltype(g(x))>::value, "");
|       return x;
|     }
| 
|   }
| 
| }  // namespace cxx14
| 
| #endif  // __cplusplus >= 201402L
| 
| 
| 
configure:4714: result: no
configure:4725: checking whether g++ supports C++14 features with -std=c++14
configure:5141: g++ -std=c++14 -c   conftest.cpp >&5
configure:5141: $? = 0
configure:5150: result: yes
configure:5189: checking whether g++ -std=c++14 supports C++11 features by default
configure:5483: g++ -std=c++14 -c   conftest.cpp >&5
configure:5483: $? = 0
configure:5490: result: yes
configure:5844: checking how to run the C++ preprocessor
configure:5871: g++ -std=c++14 -E  conftest.cpp
configure:5871: $? = 0
configure:5885: g++ -std=c++14 -E  conftest.cpp
conftest.cpp:13:28: fatal error: ac_nonexistent.h: No such file or directory
compilation terminated.
configure:5885: $? = 1
configure: failed program was:
| /* confdefs.h */
| #define PACKAGE_NAME "digitalnetindex"
| #define PACKAGE_TARNAME "digitalnetindex"
| #define PACKAGE_VERSION "0.1"
| #define PACKAGE_STRING "digitalnetindex 0.1"
| #define PACKAGE_BUGREPORT "saito@manieth.com"
| #define PACKAGE_URL ""
| #define PACKAGE "digitalnetindex"
| #define VERSION "0.1"
| #define HAVE_CXX14 1
| #define HAVE_CXX11 1
| /* end confdefs.h.  */
| #include <ac_nonexistent.h>
configure:5910: result: g++ -std=c++14 -E
configure:5930: g++ -std=c++14 -E  conftest.cpp
configure:5930: $? = 0
configure:5944: g++ -std=c++14 -E  conftest.cpp
conftest.cpp:13:28: fatal error: ac_nonexistent.h: No such file or directory
compilation terminated.
configure:5944: $? = 1
configure: failed program was:
| /* confdefs.h */
| #define PACKAGE_NAME "digitalnetindex"
| #define PACKAGE_TARNAME "digitalnetindex"
| #define PACKAGE_VERSION "0.1"
| #define PACKAGE_STRING "digitalnetindex 0.1"
| #define PACKAGE_BUGREPORT "saito@manieth.com"
| #define PACKAGE_URL ""
| #define PACKAGE "digitalnetindex"
| #define VERSION "0.1"
| #define HAVE_CXX14 1
| #define HAVE_CXX11 1
| /* end confdefs.h.  */
| #include <ac_nonexistent.h>
configure:5973: checking for grep that handles long lines and -e
configure:6031: result: /usr/bin/grep
configure:6036: checking for egrep
configure:6098: result: /usr/bin/grep -E
configure:6103: checking for ANSI C header files
configure:6123: g++ -std=c++14 -c   conftest.cpp >&5
configure:6123: $? = 0
configure:6196: g++ -std=c++14 -o conftest    conftest.cpp  >&5
configure:6196: $? = 0
configure:6196: ./conftest
configure:6196: $? = 0
configure:6207: result: yes
configure:6220: checking for sys/types.h
configure:6220: g++ -std=c++14 -c   conftest.cpp >&5
configure:6220: $? = 0
configure:6220: result: yes
configure:6220: checking for sys/stat.h
configure:6220: g++ -std=c++14 -c   conftest.cpp >&5
configure:6220: $? = 0
configure:6220: result: yes
configure:6220: checking for stdlib.h
configure:6220: g++ -std=c++14 -c   conftest.cpp >&5
configure:6220: $? = 0
configure:6220: result: yes
configure:6220: checking for string.h
configure:6220: g++ -std=c++14 -c   conftest.cpp >&5
configure:6220: $? = 0
configure:6220: result: yes
configure:6220: checking for memory.h
configure:6220: g++ -std=c++14 -c   conftest.cpp >&5
configure:6220: $? = 0
configure:6220: result: yes
configure:6220: checking for strings.h
configure:6220: g++ -std=c++14 -c   conftest.cpp >&5
configure:6220: $? = 0
configure:6220: result: yes
configure:6220: checking for inttypes.h
configure:6220: g++ -std=c++14 -c   conftest.cpp >&5
configure:6220: $? = 0
configure:6220: result: yes
configure:6220: checking for stdint.h
configure:6220: g++ -std=c++14 -c   conftest.cpp >&5
configure:6220: $? = 0
configure:6220: result: yes
configure:6220: checking for unistd.h
configure:6220: g++ -std=c++14 -c   conftest.cpp >&5
configure:6220: $? = 0
configure:6220: result: yes
configure:6235: checking for inttypes.h
configure:6235: result: yes
configure:6235: checking for stdint.h
configure:6235: result: yes
configure:6235: checking for stdlib.h
configure:6235: result: yes
configure:6294: checking for boostlib >= 1.48
configure:6377: g++ -std=c++14 -c   -I/opt/local/include conftest.cpp >&5
configure:6377: $? = 0
configure:6379: result: yes
configure:6537: checking boost/numeric/ublas/vector.hpp usability
configure:6537: g++ -std=c++14 -c   conftest.cpp >&5
configure:6537: $? = 0
configure:6537: result: yes
configure:6537: checking boost/numeric/ublas/vector.hpp presence
configure:6537: g++ -std=c++14 -E  conftest.cpp
configure:6537: $? = 0
configure:6537: result: yes
configure:6537: checking for boost/numeric/ublas/vector.hpp
configure:6537: result: yes
configure:6546: checking boost/numeric/ublas/matrix.hpp usability
configure:6546: g++ -std=c++14 -c   conftest.cpp >&5
configure:6546: $? = 0
configure:6546: result: yes
configure:6546: checking boost/numeric/ublas/matrix.hpp presence
configure:6546: g++ -std=c++14 -E  conftest.cpp
configure:6546: $? = 0
configure:6546: result: yes
configure:6546: checking for boost/numeric/ublas/matrix.hpp
configure:6546: result: yes
configure:6555: checking boost/numeric/ublas/io.hpp usability
configure:6555: g++ -std=c++14 -c   conftest.cpp >&5
configure:6555: $? = 0
configure:6555: result: yes
configure:6555: checking boost/numeric/ublas/io.hpp presence
configure:6555: g++ -std=c++14 -E  conftest.cpp
configure:6555: $? = 0
configure:6555: result: yes
configure:6555: checking for boost/numeric/ublas/io.hpp
configure:6555: result: yes
configure:6564: checking boost/numeric/ublas/lu.hpp usability
configure:6564: g++ -std=c++14 -c   conftest.cpp >&5
configure:6564: $? = 0
configure:6564: result: yes
configure:6564: checking boost/numeric/ublas/lu.hpp presence
configure:6564: g++ -std=c++14 -E  conftest.cpp
configure:6564: $? = 0
configure:6564: result: yes
configure:6564: checking for boost/numeric/ublas/lu.hpp
configure:6564: result: yes
configure:6573: checking boost/numeric/ublas/triangular.hpp usability
configure:6573: g++ -std=c++14 -c   conftest.cpp >&5
configure:6573: $? = 0
configure:6573: result: yes
configure:6573: checking boost/numeric/ublas/triangular.hpp presence
configure:6573: g++ -std=c++14 -E  conftest.cpp
configure:6573: $? = 0
configure:6573: result: yes
configure:6573: checking for boost/numeric/ublas/triangular.hpp
configure:6573: result: yes
configure:6595: checking for __builtin_popcount
configure:6614: gcc -o conftest    conftest.c  >&5
configure:6614: $? = 0
configure:6623: result: yes
configure:6639: checking for __builtin_popcountl
configure:6658: gcc -o conftest    conftest.c  >&5
configure:6658: $? = 0
configure:6667: result: yes
configure:6683: checking for __builtin_popcountll
configure:6702: gcc -o conftest    conftest.c  >&5
configure:6702: $? = 0
configure:6711: result: yes
configure:6836: checking that generated files are newer than configure
configure:6842: result: done
configure:6869: creating ./config.status

## ---------------------- ##
## Running config.status. ##
## ---------------------- ##

This file was extended by digitalnetindex config.status 0.1, which was
generated by GNU Autoconf 2.69.  Invocation command line was

  CONFIG_FILES    = 
  CONFIG_HEADERS  = 
  CONFIG_LINKS    = 
  CONFIG_COMMANDS = 
  $ ./config.status 

on Mac-mini.local

config.status:880: creating Makefile
config.status:880: creating src/Makefile
config.status:880: creating src/config.h
config.status:1109: executing depfiles commands

## ---------------- ##
## Cache variables. ##
## ---------------- ##

ac_cv_build=x86_64-apple-darwin15.6.0
ac_cv_c_compiler_gnu=yes
ac_cv_cxx_compiler_gnu=yes
ac_cv_env_CCC_set=
ac_cv_env_CCC_value=
ac_cv_env_CC_set=
ac_cv_env_CC_value=
ac_cv_env_CFLAGS_set=
ac_cv_env_CFLAGS_value=
ac_cv_env_CPPFLAGS_set=
ac_cv_env_CPPFLAGS_value=
ac_cv_env_CXXCPP_set=
ac_cv_env_CXXCPP_value=
ac_cv_env_CXXFLAGS_set=
ac_cv_env_CXXFLAGS_value=
ac_cv_env_CXX_set=
ac_cv_env_CXX_value=
ac_cv_env_LDFLAGS_set=
ac_cv_env_LDFLAGS_value=
ac_cv_env_LIBS_set=
ac_cv_env_LIBS_value=
ac_cv_env_build_alias_set=
ac_cv_env_build_alias_value=
ac_cv_env_host_alias_set=
ac_cv_env_host_alias_value=
ac_cv_env_target_alias_set=
ac_cv_env_target_alias_value=
ac_cv_header_boost_numeric_ublas_io_hpp=yes
ac_cv_header_boost_numeric_ublas_lu_hpp=yes
ac_cv_header_boost_numeric_ublas_matrix_hpp=yes
ac_cv_header_boost_numeric_ublas_triangular_hpp=yes
ac_cv_header_boost_numeric_ublas_vector_hpp=yes
ac_cv_header_inttypes_h=yes
ac_cv_header_memory_h=yes
ac_cv_header_stdc=yes
ac_cv_header_stdint_h=yes
ac_cv_header_stdlib_h=yes
ac_cv_header_string_h=yes
ac_cv_header_strings_h=yes
ac_cv_header_sys_stat_h=yes
ac_cv_header_sys_types_h=yes
ac_cv_header_unistd_h=yes
ac_cv_host=x86_64-apple-darwin15.6.0
ac_cv_objext=o
ac_cv_path_EGREP='/usr/bin/grep -E'
ac_cv_path_GREP=/usr/bin/grep
ac_cv_path_install='/opt/local/bin/ginstall -c'
ac_cv_path_mkdir=/opt/local/bin/gmkdir
ac_cv_prog_AWK=gawk
ac_cv_prog_CXXCPP='g++ -std=c++14 -E'
ac_cv_prog_ac_ct_CC=gcc
ac_cv_prog_ac_ct_CXX=g++
ac_cv_prog_cc_c89=
ac_cv_prog_cc_g=yes
ac_cv_prog_cxx_g=yes
ac_cv_prog_make_make_set=yes
am_cv_CC_dependencies_compiler_type=gcc3
am_cv_CXX_dependencies_compiler_type=gcc3
am_cv_make_support_nested_variables=yes
am_cv_prog_cc_c_o=yes
ax_cv_cxx_compile_cxx11=yes
ax_cv_cxx_compile_cxx14=no
ax_cv_cxx_compile_cxx14__std_cpp14=yes
ax_cv_have___builtin_popcount=yes
ax_cv_have___builtin_popcountl=yes
ax_cv_have___builtin_popcountll=yes

## ----------------- ##
## Output variables. ##
## ----------------- ##

ACLOCAL='${SHELL} /Users/saito/git/mkt/DigitalNetIndex/missing aclocal-1.15'
AMDEPBACKSLASH='\'
AMDEP_FALSE='#'
AMDEP_TRUE=''
AMTAR='$${TAR-tar}'
AM_BACKSLASH='\'
AM_DEFAULT_V='$(AM_DEFAULT_VERBOSITY)'
AM_DEFAULT_VERBOSITY='1'
AM_V='$(V)'
AUTOCONF='${SHELL} /Users/saito/git/mkt/DigitalNetIndex/missing autoconf'
AUTOHEADER='${SHELL} /Users/saito/git/mkt/DigitalNetIndex/missing autoheader'
AUTOMAKE='${SHELL} /Users/saito/git/mkt/DigitalNetIndex/missing automake-1.15'
AWK='gawk'
BOOST_CPPFLAGS='-I/opt/local/include'
BOOST_LDFLAGS='-L/opt/local/lib'
CC='gcc'
CCDEPMODE='depmode=gcc3'
CFLAGS=''
CPPFLAGS=''
CXX='g++ -std=c++14'
CXXCPP='g++ -std=c++14 -E'
CXXDEPMODE='depmode=gcc3'
CXXFLAGS=''
CYGPATH_W='echo'
DEFS='-DHAVE_CONFIG_H'
DEPDIR='.deps'
ECHO_C='\c'
ECHO_N=''
ECHO_T=''
EGREP='/usr/bin/grep -E'
EXEEXT=''
GREP='/usr/bin/grep'
HAVE_CXX11='1'
HAVE_CXX14='1'
INSTALL_DATA='${INSTALL} -m 644'
INSTALL_PROGRAM='${INSTALL}'
INSTALL_SCRIPT='${INSTALL}'
INSTALL_STRIP_PROGRAM='$(install_sh) -c -s'
LDFLAGS=''
LIBOBJS=''
LIBS=''
LTLIBOBJS=''
MAKEINFO='${SHELL} /Users/saito/git/mkt/DigitalNetIndex/missing makeinfo'
MKDIR_P='/opt/local/bin/gmkdir -p'
OBJEXT='o'
PACKAGE='digitalnetindex'
PACKAGE_BUGREPORT='saito@manieth.com'
PACKAGE_NAME='digitalnetindex'
PACKAGE_STRING='digitalnetindex 0.1'
PACKAGE_TARNAME='digitalnetindex'
PACKAGE_URL=''
PACKAGE_VERSION='0.1'
PATH_SEPARATOR=':'
SET_MAKE=''
SHELL='/bin/sh'
STRIP=''
VERSION='0.1'
ac_ct_CC='gcc'
ac_ct_CXX='g++'
am__EXEEXT_FALSE=''
am__EXEEXT_TRUE='#'
am__fastdepCC_FALSE='#'
am__fastdepCC_TRUE=''
am__fastdepCXX_FALSE='#'
am__fastdepCXX_TRUE=''
am__include='include'
am__isrc=''
am__leading_dot='.'
am__nodep='_no'
am__quote=''
am__tar='$${TAR-tar} chof - "$$tardir"'
am__untar='$${TAR-tar} xf -'
bindir='${exec_prefix}/bin'
build='x86_64-apple-darwin15.6.0'
build_alias=''
build_cpu='x86_64'
build_os='darwin15.6.0'
build_vendor='apple'
datadir='${datarootdir}'
datarootdir='${prefix}/share'
docdir='${datarootdir}/doc/${PACKAGE_TARNAME}'
dvidir='${docdir}'
exec_prefix='${prefix}'
host='x86_64-apple-darwin15.6.0'
host_alias=''
host_cpu='x86_64'
host_os='darwin15.6.0'
host_vendor='apple'
htmldir='${docdir}'
includedir='${prefix}/include'
infodir='${datarootdir}/info'
install_sh='${SHELL} /Users/saito/git/mkt/DigitalNetIndex/install-sh'
libdir='${exec_prefix}/lib'
libexecdir='${exec_prefix}/libexec'
localedir='${datarootdir}/locale'
localstatedir='${prefix}/var'
mandir='${datarootdir}/man'
mkdir_p='$(MKDIR_P)'
oldincludedir='/usr/include'
pdfdir='${docdir}'
prefix='/usr/local'
program_transform_name='s,x,x,'
psdir='${docdir}'
sbindir='${exec_prefix}/sbin'
sharedstatedir='${prefix}/com'
sysconfdir='${prefix}/etc'
target_alias=''

## ----------- ##
## confdefs.h. ##
## ----------- ##

/* confdefs.h */
#define PACKAGE_NAME "digitalnetindex"
#define PACKAGE_TARNAME "digitalnetindex"
#define PACKAGE_VERSION "0.1"
#define PACKAGE_STRING "digitalnetindex 0.1"
#define PACKAGE_BUGREPORT "saito@manieth.com"
#define PACKAGE_URL ""
#define PACKAGE "digitalnetindex"
#define VERSION "0.1"
#define HAVE_CXX14 1
#define HAVE_CXX11 1
#define STDC_HEADERS 1
#define HAVE_SYS_TYPES_H 1
#define HAVE_SYS_STAT_H 1
#define HAVE_STDLIB_H 1
#define HAVE_STRING_H 1
#define HAVE_MEMORY_H 1
#define HAVE_STRINGS_H 1
#define HAVE_INTTYPES_H 1
#define HAVE_STDINT_H 1
#define HAVE_UNISTD_H 1
#define HAVE_INTTYPES_H 1
#define HAVE_STDINT_H 1
#define HAVE_STDLIB_H 1
#define HAVE_BOOST /**/
#define HAVE___BUILTIN_POPCOUNT 1
#define HAVE___BUILTIN_POPCOUNTL 1
#define HAVE___BUILTIN_POPCOUNTLL 1

configure: exit 0
